<?xml version="1.0" encoding="UTF-8"?>
<testsuite name="newrelic.util.InputReaderTest" tests="2" skipped="0" failures="0" errors="0" timestamp="2022-11-29T01:39:17" hostname="do-4RRLVDQ-MBP" time="0.012">
  <properties/>
  <testcase name="assertInvalidArgsRemovedFromPaths()" classname="newrelic.util.InputReaderTest" time="0.004"/>
  <testcase name="assertValidArgReturnedAsPath()" classname="newrelic.util.InputReaderTest" time="0.008"/>
  <system-out><![CDATA[not-a-file is not a valid input
garbage is not a valid input
]]></system-out>
  <system-err><![CDATA[]]></system-err>
</testsuite>
